2002.06.25 03:59 B D:\My Documents\html\users\bbl.com.pk\html\images\addcart.gif --> ftp.bbl.com.pk /d:/html/users/bblcom.pk/html/images addcart.gif
2002.06.25 03:59 B D:\My Documents\html\users\bbl.com.pk\html\images\blank.gif --> ftp.bbl.com.pk /d:/html/users/bblcom.pk/html/images blank.gif
2002.06.25 03:59 B D:\My Documents\html\users\bbl.com.pk\html\images\blank1.gif --> ftp.bbl.com.pk /d:/html/users/bblcom.pk/html/images blank1.gif
2002.06.25 03:59 B D:\My Documents\html\users\bbl.com.pk\html\images\bullet.gif --> ftp.bbl.com.pk /d:/html/users/bblcom.pk/html/images bullet.gif
2002.06.25 03:59 B D:\My Documents\html\users\bbl.com.pk\html\images\buynow.gif --> ftp.bbl.com.pk /d:/html/users/bblcom.pk/html/images buynow.gif
2002.06.25 03:59 B D:\My Documents\html\users\bbl.com.pk\html\images\checkout.gif --> ftp.bbl.com.pk /d:/html/users/bblcom.pk/html/images checkout.gif
2002.06.25 03:59 B D:\My Documents\html\users\bbl.com.pk\html\images\contact_base.gif --> ftp.bbl.com.pk /d:/html/users/bblcom.pk/html/images contact_base.gif
2002.06.25 03:59 B D:\My Documents\html\users\bbl.com.pk\html\images\contact_event.gif --> ftp.bbl.com.pk /d:/html/users/bblcom.pk/html/images contact_event.gif
2002.06.25 03:59 B D:\My Documents\html\users\bbl.com.pk\html\images\curve.gif --> ftp.bbl.com.pk /d:/html/users/bblcom.pk/html/images curve.gif
2002.06.25 04:00 B D:\My Documents\html\users\bbl.com.pk\html\images\ddd.gif --> ftp.bbl.com.pk /d:/html/users/bblcom.pk/html/images ddd.gif
2002.06.25 04:00 B D:\My Documents\html\users\bbl.com.pk\html\images\delete.gif --> ftp.bbl.com.pk /d:/html/users/bblcom.pk/html/images delete.gif
2002.06.25 04:00 B D:\My Documents\html\users\bbl.com.pk\html\images\discont.gif --> ftp.bbl.com.pk /d:/html/users/bblcom.pk/html/images discont.gif
2002.06.25 04:00 B D:\My Documents\html\users\bbl.com.pk\html\images\dot_grey.gif --> ftp.bbl.com.pk /d:/html/users/bblcom.pk/html/images dot_grey.gif
2002.06.25 04:00 B D:\My Documents\html\users\bbl.com.pk\html\images\dot_grey1.gif --> ftp.bbl.com.pk /d:/html/users/bblcom.pk/html/images dot_grey1.gif
2002.06.25 04:00 B D:\My Documents\html\users\bbl.com.pk\html\images\dotline.gif --> ftp.bbl.com.pk /d:/html/users/bblcom.pk/html/images dotline.gif
2002.06.25 04:00 B D:\My Documents\html\users\bbl.com.pk\html\images\doublearrow.gif --> ftp.bbl.com.pk /d:/html/users/bblcom.pk/html/images doublearrow.gif
2002.06.25 04:00 B D:\My Documents\html\users\bbl.com.pk\html\images\help.gif --> ftp.bbl.com.pk /d:/html/users/bblcom.pk/html/images help.gif
2002.06.25 04:00 B D:\My Documents\html\users\bbl.com.pk\html\images\help_f2.gif --> ftp.bbl.com.pk /d:/html/users/bblcom.pk/html/images help_f2.gif
2002.06.25 04:00 B D:\My Documents\html\users\bbl.com.pk\html\images\home.gif --> ftp.bbl.com.pk /d:/html/users/bblcom.pk/html/images home.gif
2002.06.25 04:00 B D:\My Documents\html\users\bbl.com.pk\html\images\home_f2.gif --> ftp.bbl.com.pk /d:/html/users/bblcom.pk/html/images home_f2.gif
2002.06.25 04:00 B D:\My Documents\html\users\bbl.com.pk\html\images\intern.gif --> ftp.bbl.com.pk /d:/html/users/bblcom.pk/html/images intern.gif
2002.06.25 04:00 B D:\My Documents\html\users\bbl.com.pk\html\images\intern_f2.gif --> ftp.bbl.com.pk /d:/html/users/bblcom.pk/html/images intern_f2.gif
2002.06.25 04:00 B D:\My Documents\html\users\bbl.com.pk\html\images\logobbl3.gif --> ftp.bbl.com.pk /d:/html/users/bblcom.pk/html/images logobbl3.gif
2002.06.25 04:00 B D:\My Documents\html\users\bbl.com.pk\html\images\moreshop.gif --> ftp.bbl.com.pk /d:/html/users/bblcom.pk/html/images moreshop.gif
2002.06.25 04:00 B D:\My Documents\html\users\bbl.com.pk\html\images\new.gif --> ftp.bbl.com.pk /d:/html/users/bblcom.pk/html/images new.gif
2002.06.25 04:00 B D:\My Documents\html\users\bbl.com.pk\html\images\news.gif --> ftp.bbl.com.pk /d:/html/users/bblcom.pk/html/images news.gif
2002.06.25 04:00 B D:\My Documents\html\users\bbl.com.pk\html\images\newsbullet.gif --> ftp.bbl.com.pk /d:/html/users/bblcom.pk/html/images newsbullet.gif
2002.06.25 04:01 B D:\My Documents\html\users\bbl.com.pk\html\images\noimage.gif --> ftp.bbl.com.pk /d:/html/users/bblcom.pk/html/images noimage.gif
2002.06.25 04:01 B D:\My Documents\html\users\bbl.com.pk\html\images\onoffer.gif --> ftp.bbl.com.pk /d:/html/users/bblcom.pk/html/images onoffer.gif
2002.06.25 04:01 B D:\My Documents\html\users\bbl.com.pk\html\images\onorder.gif --> ftp.bbl.com.pk /d:/html/users/bblcom.pk/html/images onorder.gif
2002.06.25 04:01 B D:\My Documents\html\users\bbl.com.pk\html\images\ord2.gif --> ftp.bbl.com.pk /d:/html/users/bblcom.pk/html/images ord2.gif
2002.06.25 04:01 B D:\My Documents\html\users\bbl.com.pk\html\images\ord3.gif --> ftp.bbl.com.pk /d:/html/users/bblcom.pk/html/images ord3.gif
2002.06.25 04:01 B D:\My Documents\html\users\bbl.com.pk\html\images\ordcomplete.gif --> ftp.bbl.com.pk /d:/html/users/bblcom.pk/html/images ordcomplete.gif
2002.06.25 04:01 B D:\My Documents\html\users\bbl.com.pk\html\images\ordI.gif --> ftp.bbl.com.pk /d:/html/users/bblcom.pk/html/images ordI.gif
2002.06.25 04:01 B D:\My Documents\html\users\bbl.com.pk\html\images\redbar.gif --> ftp.bbl.com.pk /d:/html/users/bblcom.pk/html/images redbar.gif
2002.06.25 04:01 B D:\My Documents\html\users\bbl.com.pk\html\images\search.gif --> ftp.bbl.com.pk /d:/html/users/bblcom.pk/html/images search.gif
2002.06.25 04:01 B D:\My Documents\html\users\bbl.com.pk\html\images\search2.gif --> ftp.bbl.com.pk /d:/html/users/bblcom.pk/html/images search2.gif
2002.06.25 04:01 B D:\My Documents\html\users\bbl.com.pk\html\images\search_f2.gif --> ftp.bbl.com.pk /d:/html/users/bblcom.pk/html/images search_f2.gif
2002.06.25 04:01 B D:\My Documents\html\users\bbl.com.pk\html\images\sitemap.gif --> ftp.bbl.com.pk /d:/html/users/bblcom.pk/html/images sitemap.gif
2002.06.25 04:01 B D:\My Documents\html\users\bbl.com.pk\html\images\sitemap_f2.gif --> ftp.bbl.com.pk /d:/html/users/bblcom.pk/html/images sitemap_f2.gif
2002.06.25 04:01 B D:\My Documents\html\users\bbl.com.pk\html\images\sitemapimage.gif --> ftp.bbl.com.pk /d:/html/users/bblcom.pk/html/images sitemapimage.gif
2002.06.25 04:01 B D:\My Documents\html\users\bbl.com.pk\html\images\spacer.gif --> ftp.bbl.com.pk /d:/html/users/bblcom.pk/html/images spacer.gif
2002.06.25 04:01 B D:\My Documents\html\users\bbl.com.pk\html\images\spacerOrange.gif --> ftp.bbl.com.pk /d:/html/users/bblcom.pk/html/images spacerOrange.gif
2002.06.25 04:01 B D:\My Documents\html\users\bbl.com.pk\html\images\spacerorange.jpg --> ftp.bbl.com.pk /d:/html/users/bblcom.pk/html/images spacerorange.jpg
2002.06.25 04:05 B D:\My Documents\html\users\bbl.com.pk\html\images\Thumbs.db --> ftp.bbl.com.pk /d:/html/users/bblcom.pk/html/images Thumbs.db
2002.06.25 04:05 B D:\My Documents\html\users\bbl.com.pk\html\images\title-1016.gif --> ftp.bbl.com.pk /d:/html/users/bblcom.pk/html/images title-1016.gif
2002.06.25 04:06 B D:\My Documents\html\users\bbl.com.pk\html\images\topbar_r1_c10.gif --> ftp.bbl.com.pk /d:/html/users/bblcom.pk/html/images topbar_r1_c10.gif
2002.06.25 04:06 B D:\My Documents\html\users\bbl.com.pk\html\images\topbar_r1_c11.gif --> ftp.bbl.com.pk /d:/html/users/bblcom.pk/html/images topbar_r1_c11.gif
2002.06.25 04:06 B D:\My Documents\html\users\bbl.com.pk\html\images\topbar_r1_c12.gif --> ftp.bbl.com.pk /d:/html/users/bblcom.pk/html/images topbar_r1_c12.gif
2002.06.25 04:06 B D:\My Documents\html\users\bbl.com.pk\html\images\topbar_r1_c13.gif --> ftp.bbl.com.pk /d:/html/users/bblcom.pk/html/images topbar_r1_c13.gif
2002.06.25 04:06 B D:\My Documents\html\users\bbl.com.pk\html\images\topbar_r1_c3.gif --> ftp.bbl.com.pk /d:/html/users/bblcom.pk/html/images topbar_r1_c3.gif
2002.06.25 04:06 B D:\My Documents\html\users\bbl.com.pk\html\images\topbar_r1_c4.gif --> ftp.bbl.com.pk /d:/html/users/bblcom.pk/html/images topbar_r1_c4.gif
2002.06.25 04:06 B D:\My Documents\html\users\bbl.com.pk\html\images\topbar_r1_c5.gif --> ftp.bbl.com.pk /d:/html/users/bblcom.pk/html/images topbar_r1_c5.gif
2002.06.25 04:06 B D:\My Documents\html\users\bbl.com.pk\html\images\topbar_r1_c6.gif --> ftp.bbl.com.pk /d:/html/users/bblcom.pk/html/images topbar_r1_c6.gif
2002.06.25 04:06 B D:\My Documents\html\users\bbl.com.pk\html\images\topbar_r1_c7.gif --> ftp.bbl.com.pk /d:/html/users/bblcom.pk/html/images topbar_r1_c7.gif
2002.06.25 04:06 B D:\My Documents\html\users\bbl.com.pk\html\images\topbar_r1_c8.gif --> ftp.bbl.com.pk /d:/html/users/bblcom.pk/html/images topbar_r1_c8.gif
2002.06.25 04:06 B D:\My Documents\html\users\bbl.com.pk\html\images\topbar_r1_c9.gif --> ftp.bbl.com.pk /d:/html/users/bblcom.pk/html/images topbar_r1_c9.gif
2002.06.25 04:06 B D:\My Documents\html\users\bbl.com.pk\html\images\topbar_r3_c10.gif --> ftp.bbl.com.pk /d:/html/users/bblcom.pk/html/images topbar_r3_c10.gif
2002.06.25 04:06 B D:\My Documents\html\users\bbl.com.pk\html\images\topbar_r3_c12.gif --> ftp.bbl.com.pk /d:/html/users/bblcom.pk/html/images topbar_r3_c12.gif
2002.06.25 04:06 B D:\My Documents\html\users\bbl.com.pk\html\images\topbar_r3_c4.gif --> ftp.bbl.com.pk /d:/html/users/bblcom.pk/html/images topbar_r3_c4.gif
2002.06.25 04:06 B D:\My Documents\html\users\bbl.com.pk\html\images\topbar_r3_c6.gif --> ftp.bbl.com.pk /d:/html/users/bblcom.pk/html/images topbar_r3_c6.gif
2002.06.25 04:06 B D:\My Documents\html\users\bbl.com.pk\html\images\topbar_r3_c8.gif --> ftp.bbl.com.pk /d:/html/users/bblcom.pk/html/images topbar_r3_c8.gif
2002.06.25 04:06 B D:\My Documents\html\users\bbl.com.pk\html\images\upgraded.gif --> ftp.bbl.com.pk /d:/html/users/bblcom.pk/html/images upgraded.gif
2002.06.30 21:13 B D:\My Documents\html\users\bbl.com.pk\html\images\Thumbs.db --> ftp.bbl.com.pk /d:/html/users/bblcom.pk/html/images Thumbs.db
2002.06.30 21:13 B D:\My Documents\html\users\bbl.com.pk\html\images\WS_FTP.LOG --> ftp.bbl.com.pk /d:/html/users/bblcom.pk/html/images WS_FTP.LOG
2002.06.30 21:47 B D:\My Documents\html\users\bbl.com.pk\html\images\Thumbs.db --> ftp.bbl.com.pk /d:/html/users/bblcom.pk/html/images Thumbs.db
2002.06.30 21:47 B D:\My Documents\html\users\bbl.com.pk\html\images\WS_FTP.LOG --> ftp.bbl.com.pk /d:/html/users/bblcom.pk/html/images WS_FTP.LOG
2002.06.30 22:17 B D:\My Documents\html\users\bbl.com.pk\html\images\Thumbs.db --> ftp.bbl.com.pk /d:/html/users/bblcom.pk/html/images Thumbs.db
